<?xml version="1.0" encoding="UTF-8"?>
<!-- Generated by org.testng.reporters.JUnitReportReporter -->
<testsuite hostname="MSI" name="com.lc.testChuanCan.testNG6" tests="3" failures="0" timestamp="8 Dec 2020 05:50:05 GMT" time="0.002" errors="1">
  <testcase name="textNG06_03" time="0.000" classname="com.lc.testChuanCan.testNG6">
    <error type="org.testng.TestNGException" message="
Parameter &#039;testKey1&#039; is required by @Test on method textNG06_03 but has not been marked @Optional or defined
in D:\TestNG\nbtsTestNG\testngChuanCan.xml">
      <![CDATA[org.testng.TestNGException: 
Parameter 'testKey1' is required by @Test on method textNG06_03 but has not been marked @Optional or defined
in D:\TestNG\nbtsTestNG\testngChuanCan.xml
	at org.testng.internal.Parameters.createParameters(Parameters.java:154)
	at org.testng.internal.Parameters.createParameters(Parameters.java:361)
	at org.testng.internal.Parameters.handleParameters(Parameters.java:451)
	at org.testng.internal.Invoker.handleParameters(Invoker.java:1270)
	at org.testng.internal.Invoker.createParameters(Invoker.java:985)
	at org.testng.internal.Invoker.invokeTestMethods(Invoker.java:1075)
	at org.testng.internal.TestMethodWorker.invokeTestMethods(TestMethodWorker.java:125)
	at org.testng.internal.TestMethodWorker.run(TestMethodWorker.java:108)
	at org.testng.TestRunner.privateRun(TestRunner.java:774)
	at org.testng.TestRunner.run(TestRunner.java:624)
	at org.testng.SuiteRunner.runTest(SuiteRunner.java:359)
	at org.testng.SuiteRunner.runSequentially(SuiteRunner.java:354)
	at org.testng.SuiteRunner.privateRun(SuiteRunner.java:312)
	at org.testng.SuiteRunner.run(SuiteRunner.java:261)
	at org.testng.SuiteRunnerWorker.runSuite(SuiteRunnerWorker.java:52)
	at org.testng.SuiteRunnerWorker.run(SuiteRunnerWorker.java:86)
	at org.testng.TestNG.runSuitesSequentially(TestNG.java:1191)
	at org.testng.TestNG.runSuitesLocally(TestNG.java:1116)
	at org.testng.TestNG.run(TestNG.java:1024)
	at org.testng.remote.RemoteTestNG.run(RemoteTestNG.java:112)
	at org.testng.remote.RemoteTestNG.initAndRun(RemoteTestNG.java:205)
	at org.testng.remote.RemoteTestNG.main(RemoteTestNG.java:176)
]]>
    </error>
  </testcase> <!-- textNG06_03 -->
  <testcase name="textNG06_01" time="0.001" classname="com.lc.testChuanCan.testNG6"/>
  <testcase name="textNG06_02" time="0.001" classname="com.lc.testChuanCan.testNG6"/>
</testsuite> <!-- com.lc.testChuanCan.testNG6 -->
